/*C5*/SET SCHEMA PUBLIC
DELETE FROM USERS WHERE ID=1000
DELETE FROM USERS WHERE ID=1001
DELETE FROM USERS WHERE ID=1007
COMMIT
INSERT INTO USERS VALUES(1000,'Bill','Gates','1968-04-26')
COMMIT
INSERT INTO USERS VALUES(1001,'George','Bush','1949-08-17')
COMMIT
DISCONNECT
/*C7*/SET SCHEMA PUBLIC
DELETE FROM USERS WHERE ID=1000
DELETE FROM USERS WHERE ID=1001
COMMIT
INSERT INTO USERS VALUES(1000,'Bill','Gates','1968-04-26')
COMMIT
INSERT INTO USERS VALUES(1001,'George','Bush','1949-08-17')
COMMIT
DISCONNECT
/*C8*/SET SCHEMA PUBLIC
INSERT INTO USERS VALUES(1008,'John','Doe','2018-03-19')
COMMIT
DISCONNECT
